<?xml version="1.0" encoding="UTF-8"?>
<testng-results ignored="0" total="4" passed="4" failed="0" skipped="0">
  <reporter-output>
  </reporter-output>
  <suite started-at="2023-05-25T11:28:06 IST" name="Default suite" finished-at="2023-05-25T11:29:24 IST" duration-ms="78311">
    <groups>
      <group name="cucumber">
        <method signature="AbstractTestNGCucumberTests.runScenario(io.cucumber.testng.PickleWrapper,io.cucumber.testng.FeatureWrapper)[pri:0, instance:TestLauncher.TestRunner@6d23017e]" name="runScenario" class="io.cucumber.testng.AbstractTestNGCucumberTests"/>
      </group> <!-- cucumber -->
    </groups>
    <test started-at="2023-05-25T11:28:06 IST" name="Default test" finished-at="2023-05-25T11:29:24 IST" duration-ms="78311">
      <class name="TestLauncher.TestRunner">
        <test-method is-config="true" signature="setUpClass(org.testng.ITestContext)[pri:0, instance:TestLauncher.TestRunner@6d23017e]" started-at="2023-05-25T11:28:06 IST" name="setUpClass" finished-at="2023-05-25T11:28:07 IST" duration-ms="942" status="PASS">
          <params>
            <param index="0">
              <value>
                <![CDATA[org.testng.TestRunner@6f231ced]]>
              </value>
            </param>
          </params>
          <reporter-output>
          </reporter-output>
        </test-method> <!-- setUpClass -->
        <test-method signature="runScenario(io.cucumber.testng.PickleWrapper,io.cucumber.testng.FeatureWrapper)[pri:0, instance:TestLauncher.TestRunner@6d23017e]" started-at="2023-05-25T11:28:07 IST" name="runScenario" description="Runs Cucumber Scenarios" data-provider="scenarios" finished-at="2023-05-25T11:29:22 IST" duration-ms="75291" status="PASS">
          <params>
            <param index="0">
              <value>
                <![CDATA["TC_003_SauceDemo"]]>
              </value>
            </param>
            <param index="1">
              <value>
                <![CDATA["SaucesDemo TestCase"]]>
              </value>
            </param>
          </params>
          <reporter-output>
          </reporter-output>
        </test-method> <!-- runScenario -->
        <test-method signature="runScenario(io.cucumber.testng.PickleWrapper,io.cucumber.testng.FeatureWrapper)[pri:0, instance:TestLauncher.TestRunner@6d23017e]" started-at="2023-05-25T11:28:07 IST" name="runScenario" description="Runs Cucumber Scenarios" data-provider="scenarios" finished-at="2023-05-25T11:29:23 IST" duration-ms="75895" status="PASS">
          <params>
            <param index="0">
              <value>
                <![CDATA["TC_002_SauceDemo"]]>
              </value>
            </param>
            <param index="1">
              <value>
                <![CDATA["SaucesDemo TestCase"]]>
              </value>
            </param>
          </params>
          <reporter-output>
          </reporter-output>
        </test-method> <!-- runScenario -->
        <test-method signature="runScenario(io.cucumber.testng.PickleWrapper,io.cucumber.testng.FeatureWrapper)[pri:0, instance:TestLauncher.TestRunner@6d23017e]" started-at="2023-05-25T11:28:07 IST" name="runScenario" description="Runs Cucumber Scenarios" data-provider="scenarios" finished-at="2023-05-25T11:29:23 IST" duration-ms="76065" status="PASS">
          <params>
            <param index="0">
              <value>
                <![CDATA["TC_004_SauceDemo"]]>
              </value>
            </param>
            <param index="1">
              <value>
                <![CDATA["SaucesDemo TestCase"]]>
              </value>
            </param>
          </params>
          <reporter-output>
          </reporter-output>
        </test-method> <!-- runScenario -->
        <test-method signature="runScenario(io.cucumber.testng.PickleWrapper,io.cucumber.testng.FeatureWrapper)[pri:0, instance:TestLauncher.TestRunner@6d23017e]" started-at="2023-05-25T11:28:07 IST" name="runScenario" description="Runs Cucumber Scenarios" data-provider="scenarios" finished-at="2023-05-25T11:29:23 IST" duration-ms="75737" status="PASS">
          <params>
            <param index="0">
              <value>
                <![CDATA["TC_001_SauceDemo"]]>
              </value>
            </param>
            <param index="1">
              <value>
                <![CDATA["SaucesDemo TestCase"]]>
              </value>
            </param>
          </params>
          <reporter-output>
          </reporter-output>
        </test-method> <!-- runScenario -->
        <test-method is-config="true" signature="tearDownClass()[pri:0, instance:TestLauncher.TestRunner@6d23017e]" started-at="2023-05-25T11:29:23 IST" name="tearDownClass" finished-at="2023-05-25T11:29:24 IST" duration-ms="1208" status="PASS">
          <reporter-output>
          </reporter-output>
        </test-method> <!-- tearDownClass -->
      </class> <!-- TestLauncher.TestRunner -->
    </test> <!-- Default test -->
  </suite> <!-- Default suite -->
</testng-results>
